2022-05-20 11:23:27 [main] INFO  b.i.q.QuerilessCmsApplication - Starting QuerilessCmsApplication using Java 11.0.15 on DESKTOP-LLN74AU with PID 16580 (C:\Users\jjtde\Desktop\QuerilessCMS\QuerilessCMS\target\classes started by jjtde in C:\Users\jjtde\Desktop\QuerilessCMS\QuerilessCMS)
2022-05-20 11:23:27 [main] INFO  b.i.q.QuerilessCmsApplication - No active profile set, falling back to 1 default profile: "default"
2022-05-20 11:23:32 [main] WARN  o.s.b.a.o.j.JpaBaseConfiguration$JpaWebConfiguration - spring.jpa.open-in-view is enabled by default. Therefore, database queries may be performed during view rendering. Explicitly configure spring.jpa.open-in-view to disable this warning
2022-05-20 11:23:33 [main] INFO  b.i.q.QuerilessCmsApplication - Started QuerilessCmsApplication in 6.826 seconds (JVM running for 7.89)
2022-05-20 11:23:57 [http-nio-7777-exec-5] WARN  o.a.c.util.SessionIdGeneratorBase - Creation of SecureRandom instance for session ID generation using [SHA1PRNG] took [200] milliseconds.
2022-05-20 11:23:57 [http-nio-7777-exec-6] INFO  b.i.q.c.i.UserControllerImpl - Accessed profile page with username: niki || [ROLE_ADMIN]
2022-05-20 11:24:02 [http-nio-7777-exec-10] INFO  b.i.q.c.i.DatabaseControllerImpl - Accessed database menu
2022-05-20 11:24:08 [http-nio-7777-exec-4] INFO  b.i.q.c.i.DatabaseControllerImpl - Search is made with keyword: af
2022-05-20 11:24:21 [http-nio-7777-exec-3] INFO  b.i.q.c.i.DatabaseControllerImpl - Beer record: Beer(id=2, name=Straffe Hendrik 9, price=2.2, stock=55, alcohol=11.0, brewer_id=2, category_id=2) is updated
2022-05-20 11:24:21 [http-nio-7777-exec-2] INFO  b.i.q.c.i.DatabaseControllerImpl - Accessed database menu
2022-05-20 11:24:45 [http-nio-7777-exec-1] INFO  b.i.q.c.i.DatabaseControllerImpl - New Beer record created in database: Beer(id=4, name=Chi, price=null, stock=null, alcohol=null, brewer_id=null, category_id=null)
2022-05-20 11:24:51 [http-nio-7777-exec-4] INFO  b.i.q.c.i.DatabaseControllerImpl - Accessed database menu
2022-05-20 11:25:01 [http-nio-7777-exec-9] INFO  b.i.q.c.i.DatabaseControllerImpl - Search is made with keyword: chi
2022-05-20 11:25:05 [http-nio-7777-exec-3] INFO  b.i.q.c.i.DatabaseControllerImpl - Beer record with beer-ID: 4 is deleted
2022-05-20 11:25:05 [http-nio-7777-exec-5] INFO  b.i.q.c.i.DatabaseControllerImpl - Accessed database menu
2022-05-20 11:25:13 [http-nio-7777-exec-7] INFO  b.i.q.c.i.UserControllerImpl - Accessed profile page with username: niki || [ROLE_ADMIN]
2022-05-20 11:25:16 [http-nio-7777-exec-2] INFO  b.i.q.c.i.AdminControllerImpl - Admin accessed administrator page
2022-05-20 11:25:20 [http-nio-7777-exec-4] INFO  b.i.q.c.i.AdminControllerImpl - Admin deleted user with user-ID: 3
2022-05-20 11:25:20 [http-nio-7777-exec-8] INFO  b.i.q.c.i.AdminControllerImpl - Admin accessed administrator page
2022-05-20 11:25:37 [http-nio-7777-exec-6] INFO  b.i.q.c.i.AdminControllerImpl - Admin updated user: justi
2022-05-20 11:25:37 [http-nio-7777-exec-4] INFO  b.i.q.c.i.AdminControllerImpl - Admin accessed administrator page
2022-05-20 11:25:58 [http-nio-7777-exec-3] INFO  b.i.q.c.i.AdminControllerImpl - Admin added new user with user ID: 4 || Username: joe
2022-05-20 11:26:05 [http-nio-7777-exec-8] INFO  b.i.q.c.i.AdminControllerImpl - Admin accessed administrator page
2022-05-20 11:26:07 [http-nio-7777-exec-5] INFO  b.i.q.c.i.UserControllerImpl - Accessed profile page with username: niki || [ROLE_ADMIN]
2022-05-20 11:26:09 [http-nio-7777-exec-6] INFO  b.i.q.c.i.UserControllerImpl - Deleted profile with user ID: 1
2022-05-20 11:27:46 [main] INFO  b.i.q.QuerilessCmsApplication - Starting QuerilessCmsApplication using Java 11.0.15 on DESKTOP-LLN74AU with PID 5668 (C:\Users\jjtde\Desktop\QuerilessCMS\QuerilessCMS\target\classes started by jjtde in C:\Users\jjtde\Desktop\QuerilessCMS\QuerilessCMS)
2022-05-20 11:27:46 [main] INFO  b.i.q.QuerilessCmsApplication - No active profile set, falling back to 1 default profile: "default"
2022-05-20 11:27:52 [main] WARN  o.s.b.a.o.j.JpaBaseConfiguration$JpaWebConfiguration - spring.jpa.open-in-view is enabled by default. Therefore, database queries may be performed during view rendering. Explicitly configure spring.jpa.open-in-view to disable this warning
2022-05-20 11:27:53 [main] INFO  b.i.q.QuerilessCmsApplication - Started QuerilessCmsApplication in 7.766 seconds (JVM running for 8.936)
2022-05-20 11:27:58 [http-nio-7777-exec-1] WARN  o.a.c.util.SessionIdGeneratorBase - Creation of SecureRandom instance for session ID generation using [SHA1PRNG] took [222] milliseconds.
2022-05-20 11:27:58 [http-nio-7777-exec-2] INFO  b.i.q.c.i.UserControllerImpl - Accessed profile page with username: justi || [ROLE_USER]
2022-05-20 11:28:07 [http-nio-7777-exec-10] INFO  b.i.q.c.i.UserControllerImpl - Accessed profile page with username: justi || [ROLE_USER]
2022-05-20 11:28:11 [http-nio-7777-exec-8] INFO  b.i.q.c.i.DatabaseControllerImpl - Accessed database menu
2022-05-20 11:28:18 [http-nio-7777-exec-10] INFO  b.i.q.c.i.UserControllerImpl - Accessed profile page with username: justi || [ROLE_USER]
